<?xml version="1.0" encoding="UTF-8"?>
<testsuite name="BoardTest" tests="22" skipped="0" failures="0" errors="0" timestamp="2023-01-29T08:00:13" hostname="LAPTOP-LFUMP8SR" time="0.21">
  <properties/>
  <testcase name="A7폰의 이동 경로 확인 테스트" classname="BoardTest" time="0.109"/>
  <testcase name="A3에 있는 ROOK이 이동할 수 있는 경로 확인하는 테스트" classname="BoardTest" time="0.008"/>
  <testcase name="룩이 움직일 경로가 없는지 테스트" classname="BoardTest" time="0.003"/>
  <testcase name="E1-&gt;H4-&gt;A4 이동되는 테스트" classname="BoardTest" time="0.003"/>
  <testcase name="나이트가 이동이 되는지 테스트" classname="BoardTest" time="0.003"/>
  <testcase name="승진이 되는지 테스트" classname="BoardTest" time="0.006"/>
  <testcase name="F4에 있는 흑비숍이 이동경로 확인하는 테스트" classname="BoardTest" time="0.002"/>
  <testcase name="C3에 있는 나이트가 이동할 수 있는 경로 테스트" classname="BoardTest" time="0.004"/>
  <testcase name="흑/백 기물들이 잘 초기화되는지 테스트" classname="BoardTest" time="0.006"/>
  <testcase name="A7폰을 A6로 이동" classname="BoardTest" time="0.002"/>
  <testcase name="C1-&gt;F4 비숍 이동이 안되는지 테스트" classname="BoardTest" time="0.001"/>
  <testcase name="기물이 없는곳에서 이동하는 테스트" classname="BoardTest" time="0.001"/>
  <testcase name="흑백폰 A2-&gt;A3-&gt;A4, 흑백룩 A1-&gt;A3 이동이 되는지 테스트" classname="BoardTest" time="0.001"/>
  <testcase name="킹이 이동이 되는지 테스트" classname="BoardTest" time="0.001"/>
  <testcase name="C1-&gt;E3 비숍 이동되는지 테스트" classname="BoardTest" time="0.002"/>
  <testcase name="흑백룩을 A1-&gt;A5로 이동하고자 할때 A2 흑백폰에 막히는 테스트" classname="BoardTest" time="0.002"/>
  <testcase name="흑백폰 A2-&gt;A3-&gt;A4, 흑백룩 A1-&gt;A4 이동이 안되는지 테스트" classname="BoardTest" time="0.002"/>
  <testcase name="흑백폰 A2-&gt;A3-&gt;A4, 흑백폰 C2-&gt;C3를 하고 흑백룩 A1-&gt;A3-&gt;D3 이동이 안되는지 테스트" classname="BoardTest" time="0.011"/>
  <testcase name="퀸 이동이 안되는지 테스트" classname="BoardTest" time="0.002"/>
  <testcase name="A7폰이 이동하여 A2폰을 잡는 테스트" classname="BoardTest" time="0.002"/>
  <testcase name="E4에 있는 퀸이 이동할 수 있는 경로 테스트" classname="BoardTest" time="0.004"/>
  <testcase name="킹이 이동할 수 있는 경로 확인 테스트" classname="BoardTest" time="0.003"/>
  <system-out><![CDATA[]]></system-out>
  <system-err><![CDATA[]]></system-err>
</testsuite>
