<?xml version="1.0" encoding="UTF-8"?>
<testsuite name="GameTest" tests="1" skipped="0" failures="0" errors="0" timestamp="2023-01-29T08:00:13" hostname="LAPTOP-LFUMP8SR" time="0.02">
  <properties/>
  <testcase name="displayTest()" classname="GameTest" time="0.02"/>
  <system-out><![CDATA[  A B C D E F G H
1 ♜ ♞ ♝ ♚ ♛ ♝ ♞ ♜ 
2 ♟ ♟ ♟ ♟ ♟ ♟ ♟ ♟ 
3 . . . . . . . . 
4 . . . . . . . . 
5 . . . . . . . . 
6 . . . . . . . . 
7 ♙ ♙ ♙ ♙ ♙ ♙ ♙ ♙ 
8 ♖ ♘ ♗ ♔ ♕ ♗ ♘ ♖ 
  A B C D E F G H

]]></system-out>
  <system-err><![CDATA[]]></system-err>
</testsuite>
